{"level":"info","message":"🚀 Server running in undefined mode on port 5000","service":"github-clone","timestamp":"2026-01-15 14:28:51"}
{"level":"info","message":"MongoDB Connected: ac-ok04vci-shard-00-00.4g7ccfz.mongodb.net","service":"github-clone","timestamp":"2026-01-15 14:28:52"}
{"level":"error","message":"TypeError: Cannot set property query of #<IncomingMessage> which has only a getter\n    at C:\\Users\\sbciv\\OneDrive\\Desktop\\github-clone\\backend\\node_modules\\express-mongo-sanitize\\index.js:113:18\n    at Array.forEach (<anonymous>)\n    at C:\\Users\\sbciv\\OneDrive\\Desktop\\github-clone\\backend\\node_modules\\express-mongo-sanitize\\index.js:110:44\n    at Layer.handleRequest (C:\\Users\\sbciv\\OneDrive\\Desktop\\github-clone\\backend\\node_modules\\router\\lib\\layer.js:152:17)\n    at trimPrefix (C:\\Users\\sbciv\\OneDrive\\Desktop\\github-clone\\backend\\node_modules\\router\\index.js:342:13)\n    at C:\\Users\\sbciv\\OneDrive\\Desktop\\github-clone\\backend\\node_modules\\router\\index.js:297:9\n    at processParams (C:\\Users\\sbciv\\OneDrive\\Desktop\\github-clone\\backend\\node_modules\\router\\index.js:582:12)\n    at next (C:\\Users\\sbciv\\OneDrive\\Desktop\\github-clone\\backend\\node_modules\\router\\index.js:291:5)\n    at read (C:\\Users\\sbciv\\OneDrive\\Desktop\\github-clone\\backend\\node_modules\\body-parser\\lib\\read.js:53:5)\n    at urlencodedParser (C:\\Users\\sbciv\\OneDrive\\Desktop\\github-clone\\backend\\node_modules\\body-parser\\lib\\types\\urlencoded.js:57:5)","service":"github-clone","timestamp":"2026-01-15 14:29:10"}
{"level":"info","message":"🚀 Server running in development mode on port 5000","service":"github-clone","timestamp":"2026-01-15 14:34:19"}
{"level":"info","message":"MongoDB Connected: ac-ok04vci-shard-00-02.4g7ccfz.mongodb.net","service":"github-clone","timestamp":"2026-01-15 14:34:21"}
{"level":"info","message":"🚀 Server running in development mode on port 5000","service":"github-clone","timestamp":"2026-01-15 14:38:36"}
{"level":"info","message":"MongoDB Connected: ac-ok04vci-shard-00-00.4g7ccfz.mongodb.net","service":"github-clone","timestamp":"2026-01-15 14:38:37"}
{"level":"error","message":"TypeError: Cannot set property query of #<IncomingMessage> which has only a getter\n    at C:\\Users\\sbciv\\OneDrive\\Desktop\\github-clone\\backend\\node_modules\\express-mongo-sanitize\\index.js:113:18\n    at Array.forEach (<anonymous>)\n    at C:\\Users\\sbciv\\OneDrive\\Desktop\\github-clone\\backend\\node_modules\\express-mongo-sanitize\\index.js:110:44\n    at Layer.handleRequest (C:\\Users\\sbciv\\OneDrive\\Desktop\\github-clone\\backend\\node_modules\\router\\lib\\layer.js:152:17)\n    at trimPrefix (C:\\Users\\sbciv\\OneDrive\\Desktop\\github-clone\\backend\\node_modules\\router\\index.js:342:13)\n    at C:\\Users\\sbciv\\OneDrive\\Desktop\\github-clone\\backend\\node_modules\\router\\index.js:297:9\n    at processParams (C:\\Users\\sbciv\\OneDrive\\Desktop\\github-clone\\backend\\node_modules\\router\\index.js:582:12)\n    at next (C:\\Users\\sbciv\\OneDrive\\Desktop\\github-clone\\backend\\node_modules\\router\\index.js:291:5)\n    at read (C:\\Users\\sbciv\\OneDrive\\Desktop\\github-clone\\backend\\node_modules\\body-parser\\lib\\read.js:42:5)\n    at urlencodedParser (C:\\Users\\sbciv\\OneDrive\\Desktop\\github-clone\\backend\\node_modules\\body-parser\\lib\\types\\urlencoded.js:57:5)","service":"github-clone","timestamp":"2026-01-15 14:39:09"}
{"level":"info","message":"🚀 Server running in development mode on port 5000","service":"github-clone","timestamp":"2026-01-15 14:42:23"}
{"level":"info","message":"MongoDB Connected: ac-ok04vci-shard-00-01.4g7ccfz.mongodb.net","service":"github-clone","timestamp":"2026-01-15 14:42:24"}
{"level":"error","message":"TypeError: Cannot set property query of #<IncomingMessage> which has only a getter\n    at C:\\Users\\sbciv\\OneDrive\\Desktop\\github-clone\\backend\\node_modules\\express-mongo-sanitize\\index.js:113:18\n    at Array.forEach (<anonymous>)\n    at C:\\Users\\sbciv\\OneDrive\\Desktop\\github-clone\\backend\\node_modules\\express-mongo-sanitize\\index.js:110:44\n    at Layer.handleRequest (C:\\Users\\sbciv\\OneDrive\\Desktop\\github-clone\\backend\\node_modules\\router\\lib\\layer.js:152:17)\n    at trimPrefix (C:\\Users\\sbciv\\OneDrive\\Desktop\\github-clone\\backend\\node_modules\\router\\index.js:342:13)\n    at C:\\Users\\sbciv\\OneDrive\\Desktop\\github-clone\\backend\\node_modules\\router\\index.js:297:9\n    at processParams (C:\\Users\\sbciv\\OneDrive\\Desktop\\github-clone\\backend\\node_modules\\router\\index.js:582:12)\n    at next (C:\\Users\\sbciv\\OneDrive\\Desktop\\github-clone\\backend\\node_modules\\router\\index.js:291:5)\n    at read (C:\\Users\\sbciv\\OneDrive\\Desktop\\github-clone\\backend\\node_modules\\body-parser\\lib\\read.js:42:5)\n    at urlencodedParser (C:\\Users\\sbciv\\OneDrive\\Desktop\\github-clone\\backend\\node_modules\\body-parser\\lib\\types\\urlencoded.js:57:5)","service":"github-clone","timestamp":"2026-01-15 14:42:48"}
{"level":"info","message":"🚀 Server running in development mode on port 5000","service":"github-clone","timestamp":"2026-01-15 21:55:23"}
{"level":"info","message":"MongoDB Connected: ac-ok04vci-shard-00-00.4g7ccfz.mongodb.net","service":"github-clone","timestamp":"2026-01-15 21:55:24"}
{"level":"error","message":"TypeError: Cannot set property query of #<IncomingMessage> which has only a getter\n    at C:\\Users\\sbciv\\OneDrive\\Desktop\\github-clone\\backend\\node_modules\\express-mongo-sanitize\\index.js:113:18\n    at Array.forEach (<anonymous>)\n    at C:\\Users\\sbciv\\OneDrive\\Desktop\\github-clone\\backend\\node_modules\\express-mongo-sanitize\\index.js:110:44\n    at Layer.handleRequest (C:\\Users\\sbciv\\OneDrive\\Desktop\\github-clone\\backend\\node_modules\\router\\lib\\layer.js:152:17)\n    at trimPrefix (C:\\Users\\sbciv\\OneDrive\\Desktop\\github-clone\\backend\\node_modules\\router\\index.js:342:13)\n    at C:\\Users\\sbciv\\OneDrive\\Desktop\\github-clone\\backend\\node_modules\\router\\index.js:297:9\n    at processParams (C:\\Users\\sbciv\\OneDrive\\Desktop\\github-clone\\backend\\node_modules\\router\\index.js:582:12)\n    at next (C:\\Users\\sbciv\\OneDrive\\Desktop\\github-clone\\backend\\node_modules\\router\\index.js:291:5)\n    at read (C:\\Users\\sbciv\\OneDrive\\Desktop\\github-clone\\backend\\node_modules\\body-parser\\lib\\read.js:42:5)\n    at urlencodedParser (C:\\Users\\sbciv\\OneDrive\\Desktop\\github-clone\\backend\\node_modules\\body-parser\\lib\\types\\urlencoded.js:57:5)","service":"github-clone","timestamp":"2026-01-15 21:56:01"}
{"level":"info","message":"🚀 Server running in development mode on port 5000","service":"github-clone","timestamp":"2026-01-15 21:57:26"}
{"level":"info","message":"MongoDB Connected: ac-ok04vci-shard-00-00.4g7ccfz.mongodb.net","service":"github-clone","timestamp":"2026-01-15 21:57:27"}
{"level":"info","message":"🚀 Server running in development mode on port 5000","service":"github-clone","timestamp":"2026-01-15 21:58:00"}
{"level":"info","message":"MongoDB Connected: ac-ok04vci-shard-00-00.4g7ccfz.mongodb.net","service":"github-clone","timestamp":"2026-01-15 21:58:01"}
{"level":"error","message":"TypeError: Cannot set property query of #<IncomingMessage> which has only a getter\n    at file:///C:/Users/sbciv/OneDrive/Desktop/github-clone/backend/src/app.js:51:15\n    at Layer.handleRequest (C:\\Users\\sbciv\\OneDrive\\Desktop\\github-clone\\backend\\node_modules\\router\\lib\\layer.js:152:17)\n    at trimPrefix (C:\\Users\\sbciv\\OneDrive\\Desktop\\github-clone\\backend\\node_modules\\router\\index.js:342:13)\n    at C:\\Users\\sbciv\\OneDrive\\Desktop\\github-clone\\backend\\node_modules\\router\\index.js:297:9\n    at processParams (C:\\Users\\sbciv\\OneDrive\\Desktop\\github-clone\\backend\\node_modules\\router\\index.js:582:12)\n    at next (C:\\Users\\sbciv\\OneDrive\\Desktop\\github-clone\\backend\\node_modules\\router\\index.js:291:5)\n    at read (C:\\Users\\sbciv\\OneDrive\\Desktop\\github-clone\\backend\\node_modules\\body-parser\\lib\\read.js:53:5)\n    at urlencodedParser (C:\\Users\\sbciv\\OneDrive\\Desktop\\github-clone\\backend\\node_modules\\body-parser\\lib\\types\\urlencoded.js:57:5)\n    at Layer.handleRequest (C:\\Users\\sbciv\\OneDrive\\Desktop\\github-clone\\backend\\node_modules\\router\\lib\\layer.js:152:17)\n    at trimPrefix (C:\\Users\\sbciv\\OneDrive\\Desktop\\github-clone\\backend\\node_modules\\router\\index.js:342:13)","service":"github-clone","timestamp":"2026-01-15 21:58:30"}
{"level":"info","message":"🚀 Server running in development mode on port 5000","service":"github-clone","timestamp":"2026-01-15 22:01:33"}
{"level":"info","message":"MongoDB Connected: ac-ok04vci-shard-00-01.4g7ccfz.mongodb.net","service":"github-clone","timestamp":"2026-01-15 22:01:34"}
{"level":"error","message":"TypeError: Cannot set property query of #<IncomingMessage> which has only a getter\n    at file:///C:/Users/sbciv/OneDrive/Desktop/github-clone/backend/src/app.js:81:28\n    at Layer.handleRequest (C:\\Users\\sbciv\\OneDrive\\Desktop\\github-clone\\backend\\node_modules\\router\\lib\\layer.js:152:17)\n    at trimPrefix (C:\\Users\\sbciv\\OneDrive\\Desktop\\github-clone\\backend\\node_modules\\router\\index.js:342:13)\n    at C:\\Users\\sbciv\\OneDrive\\Desktop\\github-clone\\backend\\node_modules\\router\\index.js:297:9\n    at processParams (C:\\Users\\sbciv\\OneDrive\\Desktop\\github-clone\\backend\\node_modules\\router\\index.js:582:12)\n    at next (C:\\Users\\sbciv\\OneDrive\\Desktop\\github-clone\\backend\\node_modules\\router\\index.js:291:5)\n    at read (C:\\Users\\sbciv\\OneDrive\\Desktop\\github-clone\\backend\\node_modules\\body-parser\\lib\\read.js:42:5)\n    at urlencodedParser (C:\\Users\\sbciv\\OneDrive\\Desktop\\github-clone\\backend\\node_modules\\body-parser\\lib\\types\\urlencoded.js:57:5)\n    at Layer.handleRequest (C:\\Users\\sbciv\\OneDrive\\Desktop\\github-clone\\backend\\node_modules\\router\\lib\\layer.js:152:17)\n    at trimPrefix (C:\\Users\\sbciv\\OneDrive\\Desktop\\github-clone\\backend\\node_modules\\router\\index.js:342:13)","service":"github-clone","timestamp":"2026-01-15 22:01:55"}
{"level":"info","message":"🚀 Server running in development mode on port 5000","service":"github-clone","timestamp":"2026-01-15 22:03:14"}
{"level":"info","message":"MongoDB Connected: ac-ok04vci-shard-00-01.4g7ccfz.mongodb.net","service":"github-clone","timestamp":"2026-01-15 22:03:15"}
{"level":"info","message":"🚀 Server running in development mode on port 5000","service":"github-clone","timestamp":"2026-01-16 09:14:53"}
{"level":"info","message":"MongoDB Connected: ac-ok04vci-shard-00-01.4g7ccfz.mongodb.net","service":"github-clone","timestamp":"2026-01-16 09:14:58"}
{"level":"error","message":"TypeError: Cannot set property query of #<IncomingMessage> which has only a getter\n    at file:///C:/Users/sbciv/OneDrive/Desktop/github-clone/backend/src/app.js:81:28\n    at Layer.handleRequest (C:\\Users\\sbciv\\OneDrive\\Desktop\\github-clone\\backend\\node_modules\\router\\lib\\layer.js:152:17)\n    at trimPrefix (C:\\Users\\sbciv\\OneDrive\\Desktop\\github-clone\\backend\\node_modules\\router\\index.js:342:13)\n    at C:\\Users\\sbciv\\OneDrive\\Desktop\\github-clone\\backend\\node_modules\\router\\index.js:297:9\n    at processParams (C:\\Users\\sbciv\\OneDrive\\Desktop\\github-clone\\backend\\node_modules\\router\\index.js:582:12)\n    at next (C:\\Users\\sbciv\\OneDrive\\Desktop\\github-clone\\backend\\node_modules\\router\\index.js:291:5)\n    at read (C:\\Users\\sbciv\\OneDrive\\Desktop\\github-clone\\backend\\node_modules\\body-parser\\lib\\read.js:42:5)\n    at urlencodedParser (C:\\Users\\sbciv\\OneDrive\\Desktop\\github-clone\\backend\\node_modules\\body-parser\\lib\\types\\urlencoded.js:57:5)\n    at Layer.handleRequest (C:\\Users\\sbciv\\OneDrive\\Desktop\\github-clone\\backend\\node_modules\\router\\lib\\layer.js:152:17)\n    at trimPrefix (C:\\Users\\sbciv\\OneDrive\\Desktop\\github-clone\\backend\\node_modules\\router\\index.js:342:13)","service":"github-clone","timestamp":"2026-01-16 09:16:50"}
{"level":"warn","message":"MongoDB disconnected","service":"github-clone","timestamp":"2026-01-16 09:26:23"}
{"level":"info","message":"🚀 Server running in development mode on port 5000","service":"github-clone","timestamp":"2026-01-16 09:26:58"}
{"level":"info","message":"MongoDB Connected: ac-ok04vci-shard-00-00.4g7ccfz.mongodb.net","service":"github-clone","timestamp":"2026-01-16 09:26:58"}
{"level":"info","message":"🚀 Server running in development mode on port 5000","service":"github-clone","timestamp":"2026-01-16 09:28:29"}
{"level":"info","message":"MongoDB Connected: ac-ok04vci-shard-00-02.4g7ccfz.mongodb.net","service":"github-clone","timestamp":"2026-01-16 09:28:32"}
{"level":"info","message":"🚀 Server running in development mode on port 5000","service":"github-clone","timestamp":"2026-01-16 09:28:54"}
{"level":"info","message":"MongoDB Connected: ac-ok04vci-shard-00-01.4g7ccfz.mongodb.net","service":"github-clone","timestamp":"2026-01-16 09:28:55"}
{"level":"info","message":"🚀 Server running in development mode on port 5000","service":"github-clone","timestamp":"2026-01-16 09:30:49"}
{"level":"info","message":"MongoDB Connected: ac-ok04vci-shard-00-01.4g7ccfz.mongodb.net","service":"github-clone","timestamp":"2026-01-16 09:30:50"}
{"level":"info","message":"🚀 Server running in development mode on port 5000","service":"github-clone","timestamp":"2026-01-16 09:32:36"}
{"level":"info","message":"MongoDB Connected: ac-ok04vci-shard-00-00.4g7ccfz.mongodb.net","service":"github-clone","timestamp":"2026-01-16 09:32:37"}
{"level":"error","message":"Error: Not Found - /api/repos/[object%20Object]/chat-app\n    at notFound (file:///C:/Users/sbciv/OneDrive/Desktop/github-clone/backend/src/middleware/errorMiddleware.js:4:17)\n    at Layer.handleRequest (C:\\Users\\sbciv\\OneDrive\\Desktop\\github-clone\\backend\\node_modules\\router\\lib\\layer.js:152:17)\n    at trimPrefix (C:\\Users\\sbciv\\OneDrive\\Desktop\\github-clone\\backend\\node_modules\\router\\index.js:342:13)\n    at C:\\Users\\sbciv\\OneDrive\\Desktop\\github-clone\\backend\\node_modules\\router\\index.js:297:9\n    at processParams (C:\\Users\\sbciv\\OneDrive\\Desktop\\github-clone\\backend\\node_modules\\router\\index.js:582:12)\n    at next (C:\\Users\\sbciv\\OneDrive\\Desktop\\github-clone\\backend\\node_modules\\router\\index.js:291:5)\n    at C:\\Users\\sbciv\\OneDrive\\Desktop\\github-clone\\backend\\node_modules\\router\\index.js:688:15\n    at next (C:\\Users\\sbciv\\OneDrive\\Desktop\\github-clone\\backend\\node_modules\\router\\index.js:276:14)\n    at router.handle (C:\\Users\\sbciv\\OneDrive\\Desktop\\github-clone\\backend\\node_modules\\router\\index.js:186:3)\n    at router (C:\\Users\\sbciv\\OneDrive\\Desktop\\github-clone\\backend\\node_modules\\router\\index.js:60:12)","service":"github-clone","timestamp":"2026-01-16 09:34:56"}
{"level":"error","message":"Error: Not Found - /api/repos/[object%20Object]/chat-app\n    at notFound (file:///C:/Users/sbciv/OneDrive/Desktop/github-clone/backend/src/middleware/errorMiddleware.js:4:17)\n    at Layer.handleRequest (C:\\Users\\sbciv\\OneDrive\\Desktop\\github-clone\\backend\\node_modules\\router\\lib\\layer.js:152:17)\n    at trimPrefix (C:\\Users\\sbciv\\OneDrive\\Desktop\\github-clone\\backend\\node_modules\\router\\index.js:342:13)\n    at C:\\Users\\sbciv\\OneDrive\\Desktop\\github-clone\\backend\\node_modules\\router\\index.js:297:9\n    at processParams (C:\\Users\\sbciv\\OneDrive\\Desktop\\github-clone\\backend\\node_modules\\router\\index.js:582:12)\n    at next (C:\\Users\\sbciv\\OneDrive\\Desktop\\github-clone\\backend\\node_modules\\router\\index.js:291:5)\n    at C:\\Users\\sbciv\\OneDrive\\Desktop\\github-clone\\backend\\node_modules\\router\\index.js:688:15\n    at next (C:\\Users\\sbciv\\OneDrive\\Desktop\\github-clone\\backend\\node_modules\\router\\index.js:276:14)\n    at router.handle (C:\\Users\\sbciv\\OneDrive\\Desktop\\github-clone\\backend\\node_modules\\router\\index.js:186:3)\n    at router (C:\\Users\\sbciv\\OneDrive\\Desktop\\github-clone\\backend\\node_modules\\router\\index.js:60:12)","service":"github-clone","timestamp":"2026-01-16 09:34:56"}
{"level":"warn","message":"MongoDB disconnected","service":"github-clone","timestamp":"2026-01-16 09:50:04"}
{"level":"info","message":"🚀 Server running in development mode on port 5000","service":"github-clone","timestamp":"2026-01-16 10:05:23"}
{"level":"info","message":"🚀 Server running in development mode on port 5000","service":"github-clone","timestamp":"2026-01-16 10:05:26"}
{"level":"info","message":"MongoDB Connected: ac-ok04vci-shard-00-01.4g7ccfz.mongodb.net","service":"github-clone","timestamp":"2026-01-16 10:05:27"}
{"level":"info","message":"🚀 Server running in development mode on port 5000","service":"github-clone","timestamp":"2026-01-16 10:07:17"}
{"level":"info","message":"MongoDB Connected: ac-ok04vci-shard-00-00.4g7ccfz.mongodb.net","service":"github-clone","timestamp":"2026-01-16 10:07:19"}
{"level":"warn","message":"MongoDB disconnected","service":"github-clone","timestamp":"2026-01-16 10:37:53"}
{"level":"warn","message":"MongoDB disconnected","service":"github-clone","timestamp":"2026-01-16 11:08:20"}
{"level":"warn","message":"MongoDB disconnected","service":"github-clone","timestamp":"2026-01-16 13:17:23"}
{"level":"info","message":"🚀 Server running in development mode on port 5000","service":"github-clone","timestamp":"2026-01-16 13:39:32"}
{"level":"info","message":"MongoDB Connected: ac-ok04vci-shard-00-02.4g7ccfz.mongodb.net","service":"github-clone","timestamp":"2026-01-16 13:39:33"}
{"level":"info","message":"🚀 Server running in development mode on port 5000","service":"github-clone","timestamp":"2026-01-16 14:01:14"}
{"level":"info","message":"MongoDB Connected: ac-ok04vci-shard-00-02.4g7ccfz.mongodb.net","service":"github-clone","timestamp":"2026-01-16 14:01:16"}
{"level":"info","message":"🚀 Server running in development mode on port 5000","service":"github-clone","timestamp":"2026-01-17 13:05:36"}
{"level":"info","message":"MongoDB Connected: ac-ok04vci-shard-00-02.4g7ccfz.mongodb.net","service":"github-clone","timestamp":"2026-01-17 13:05:39"}
{"level":"info","message":"🚀 Server running in development mode on port 5000","service":"github-clone","timestamp":"2026-01-17 13:10:46"}
{"level":"info","message":"MongoDB Connected: ac-ok04vci-shard-00-01.4g7ccfz.mongodb.net","service":"github-clone","timestamp":"2026-01-17 13:10:48"}
{"level":"warn","message":"MongoDB disconnected","service":"github-clone","timestamp":"2026-01-17 13:46:29"}
{"level":"warn","message":"MongoDB disconnected","service":"github-clone","timestamp":"2026-01-17 13:51:50"}
{"level":"info","message":"🚀 Server running in development mode on port 5000","service":"github-clone","timestamp":"2026-01-17 15:52:11"}
{"level":"info","message":"MongoDB Connected: ac-ok04vci-shard-00-02.4g7ccfz.mongodb.net","service":"github-clone","timestamp":"2026-01-17 15:52:12"}
{"level":"info","message":"🚀 Server running in development mode on port 5000","service":"github-clone","timestamp":"2026-01-17 15:56:00"}
{"level":"info","message":"MongoDB Connected: ac-ok04vci-shard-00-01.4g7ccfz.mongodb.net","service":"github-clone","timestamp":"2026-01-17 15:56:01"}
{"level":"info","message":"🚀 Server running in development mode on port 5000","service":"github-clone","timestamp":"2026-01-17 15:56:24"}
{"level":"info","message":"MongoDB Connected: ac-ok04vci-shard-00-02.4g7ccfz.mongodb.net","service":"github-clone","timestamp":"2026-01-17 15:56:25"}
{"level":"info","message":"🚀 Server running in development mode on port 5000","service":"github-clone","timestamp":"2026-01-17 16:10:59"}
{"level":"info","message":"MongoDB Connected: ac-ok04vci-shard-00-02.4g7ccfz.mongodb.net","service":"github-clone","timestamp":"2026-01-17 16:11:01"}
{"level":"warn","message":"MongoDB disconnected","service":"github-clone","timestamp":"2026-01-17 16:22:36"}
